c:\users\ruurd\source\repos\trixs\trixs\x64\debug\trixs.pch
c:\users\ruurd\source\repos\trixs\trixs\x64\debug\vc141.pdb
c:\users\ruurd\source\repos\trixs\trixs\x64\debug\vc141.idb
c:\users\ruurd\source\repos\trixs\trixs\x64\debug\pch.obj
c:\users\ruurd\source\repos\trixs\trixs\x64\debug\glad.obj
c:\users\ruurd\source\repos\trixs\trixs\x64\debug\uimanager.obj
c:\users\ruurd\source\repos\trixs\trixs\x64\debug\trixs.obj
c:\users\ruurd\source\repos\trixs\trixs\x64\debug\sphere.obj
c:\users\ruurd\source\repos\trixs\trixs\x64\debug\scene.obj
c:\users\ruurd\source\repos\trixs\trixs\x64\debug\rendermanager.obj
c:\users\ruurd\source\repos\trixs\trixs\x64\debug\raytrixser.obj
c:\users\ruurd\source\repos\trixs\trixs\x64\debug\ray.obj
c:\users\ruurd\source\repos\trixs\trixs\x64\debug\project.obj
c:\users\ruurd\source\repos\trixs\trixs\x64\debug\materials.obj
c:\users\ruurd\source\repos\trixs\trixs\x64\debug\mainmanager.obj
c:\users\ruurd\source\repos\trixs\trixs\x64\debug\imguiwindow.obj
c:\users\ruurd\source\repos\trixs\trixs\x64\debug\imguiuimanager.obj
c:\users\ruurd\source\repos\trixs\trixs\x64\debug\imageio.obj
c:\users\ruurd\source\repos\trixs\trixs\x64\debug\hitablelist.obj
c:\users\ruurd\source\repos\trixs\trixs\x64\debug\imgui_widgets.obj
c:\users\ruurd\source\repos\trixs\trixs\x64\debug\imgui_impl_opengl3.obj
c:\users\ruurd\source\repos\trixs\trixs\x64\debug\imgui_impl_glfw.obj
c:\users\ruurd\source\repos\trixs\trixs\x64\debug\imgui_draw.obj
c:\users\ruurd\source\repos\trixs\trixs\x64\debug\imgui_demo.obj
c:\users\ruurd\source\repos\trixs\trixs\x64\debug\imgui.obj
c:\users\ruurd\source\repos\trixs\trixs\x64\debug\window.obj
c:\users\ruurd\source\repos\trixs\trixs\x64\debug\uiwindow.obj
c:\users\ruurd\source\repos\trixs\trixs\x64\debug\renderwindow.obj
c:\users\ruurd\source\repos\trixs\trixs\x64\debug\igstartupwindow.obj
c:\users\ruurd\source\repos\trixs\trixs\x64\debug\igshowimagewindow.obj
c:\users\ruurd\source\repos\trixs\trixs\x64\debug\objloader.obj
c:\users\ruurd\source\repos\trixs\trixs\x64\debug\hitableobject.obj
c:\users\ruurd\source\repos\trixs\trixs\x64\debug\triangle.obj
c:\users\ruurd\source\repos\trixs\trixs\x64\debug\mesh.obj
c:\users\ruurd\source\repos\trixs\trixs\x64\debug\fileio.obj
c:\users\ruurd\source\repos\trixs\trixs\x64\debug\userdata.obj
c:\users\ruurd\source\repos\trixs\trixs\x64\debug\matrix4.obj
c:\users\ruurd\source\repos\trixs\x64\debug\trixs.pdb
c:\users\ruurd\source\repos\trixs\x64\debug\trixs.exe
c:\users\ruurd\source\repos\trixs\x64\debug\trixs.ilk
c:\users\ruurd\source\repos\trixs\trixs\x64\debug\trixs.tlog\cl.command.1.tlog
c:\users\ruurd\source\repos\trixs\trixs\x64\debug\trixs.tlog\cl.read.1.tlog
c:\users\ruurd\source\repos\trixs\trixs\x64\debug\trixs.tlog\cl.write.1.tlog
c:\users\ruurd\source\repos\trixs\trixs\x64\debug\trixs.tlog\link.command.1.tlog
c:\users\ruurd\source\repos\trixs\trixs\x64\debug\trixs.tlog\link.read.1.tlog
c:\users\ruurd\source\repos\trixs\trixs\x64\debug\trixs.tlog\link.write.1.tlog
