  HitableList.cpp
c:\users\ruurd\source\repos\trixs\trixs\vec3.h(49): warning C4244: 'initializing': conversion from 'double' to 'float', possible loss of data
c:\users\ruurd\source\repos\trixs\trixs\hitablelist.cpp(11): warning C4244: 'argument': conversion from 'double' to 'float', possible loss of data
  IGStartupWindow.cpp
c:\users\ruurd\source\repos\trixs\trixs\vec3.h(49): warning C4244: 'initializing': conversion from 'double' to 'float', possible loss of data
  ImGuiUIManager.cpp
c:\users\ruurd\source\repos\trixs\trixs\vec3.h(49): warning C4244: 'initializing': conversion from 'double' to 'float', possible loss of data
c:\users\ruurd\source\repos\trixs\trixs\igviewportwindow.h(60): warning C4312: 'type cast': conversion from 'unsigned int' to 'void *' of greater size
  MainManager.cpp
c:\users\ruurd\source\repos\trixs\trixs\vec3.h(49): warning C4244: 'initializing': conversion from 'double' to 'float', possible loss of data
  Materials.cpp
c:\users\ruurd\source\repos\trixs\trixs\vec3.h(49): warning C4244: 'initializing': conversion from 'double' to 'float', possible loss of data
c:\users\ruurd\source\repos\trixs\trixs\random.h(23): warning C4244: 'argument': conversion from 'double' to 'float', possible loss of data
c:\users\ruurd\source\repos\trixs\trixs\random.h(30): warning C4244: 'argument': conversion from 'double' to 'float', possible loss of data
c:\users\ruurd\source\repos\trixs\trixs\raybehaviour.h(14): warning C4244: 'initializing': conversion from 'double' to 'float', possible loss of data
c:\users\ruurd\source\repos\trixs\trixs\materials.cpp(40): warning C4244: '=': conversion from 'double' to 'float', possible loss of data
  objLoader.cpp
c:\users\ruurd\source\repos\trixs\trixs\vec3.h(49): warning C4244: 'initializing': conversion from 'double' to 'float', possible loss of data
c:\users\ruurd\source\repos\trixs\trixs\objloader.cpp(33): warning C4267: 'initializing': conversion from 'size_t' to 'unsigned int', possible loss of data
c:\users\ruurd\source\repos\trixs\trixs\objloader.cpp(90): warning C4267: 'initializing': conversion from 'size_t' to 'unsigned int', possible loss of data
c:\users\ruurd\source\repos\trixs\trixs\objloader.cpp(127): warning C4267: '=': conversion from 'size_t' to 'unsigned int', possible loss of data
c:\users\ruurd\source\repos\trixs\trixs\objloader.cpp(142): warning C4267: '=': conversion from 'size_t' to 'unsigned int', possible loss of data
c:\users\ruurd\source\repos\trixs\trixs\objloader.cpp(170): warning C4267: 'initializing': conversion from 'size_t' to 'unsigned int', possible loss of data
c:\users\ruurd\source\repos\trixs\trixs\objloader.cpp(268): warning C4267: 'initializing': conversion from 'size_t' to 'unsigned int', possible loss of data
c:\users\ruurd\source\repos\trixs\trixs\objloader.cpp(302): warning C4267: 'initializing': conversion from 'size_t' to 'unsigned int', possible loss of data
c:\users\ruurd\source\repos\trixs\trixs\objloader.cpp(335): warning C4267: 'initializing': conversion from 'size_t' to 'unsigned int', possible loss of data
c:\users\ruurd\source\repos\trixs\trixs\objloader.cpp(384): warning C4244: 'return': conversion from 'double' to 'float', possible loss of data
c:\users\ruurd\source\repos\trixs\trixs\objloader.cpp(392): warning C4267: 'initializing': conversion from 'size_t' to 'unsigned int', possible loss of data
  Project.cpp
c:\users\ruurd\source\repos\trixs\trixs\vec3.h(49): warning C4244: 'initializing': conversion from 'double' to 'float', possible loss of data
  Ray.cpp
c:\users\ruurd\source\repos\trixs\trixs\vec3.h(49): warning C4244: 'initializing': conversion from 'double' to 'float', possible loss of data
  RayTrixser.cpp
c:\users\ruurd\source\repos\trixs\trixs\vec3.h(49): warning C4244: 'initializing': conversion from 'double' to 'float', possible loss of data
c:\users\ruurd\source\repos\trixs\trixs\random.h(23): warning C4244: 'argument': conversion from 'double' to 'float', possible loss of data
c:\users\ruurd\source\repos\trixs\trixs\random.h(30): warning C4244: 'argument': conversion from 'double' to 'float', possible loss of data
c:\users\ruurd\source\repos\trixs\trixs\camera.h(15): warning C4244: 'initializing': conversion from 'double' to 'float', possible loss of data
c:\users\ruurd\source\repos\trixs\trixs\raytrixser.cpp(32): warning C4305: 'initializing': truncation from 'double' to 'float'
c:\users\ruurd\source\repos\trixs\trixs\raytrixser.cpp(89): warning C4305: 'argument': truncation from 'double' to 'float'
c:\users\ruurd\source\repos\trixs\trixs\raytrixser.cpp(102): warning C4244: 'initializing': conversion from 'double' to 'float', possible loss of data
c:\users\ruurd\source\repos\trixs\trixs\raytrixser.cpp(103): warning C4244: 'argument': conversion from 'double' to 'float', possible loss of data
c:\users\ruurd\source\repos\trixs\trixs\raytrixser.cpp(103): warning C4305: 'argument': truncation from 'double' to 'float'
  RenderManager.cpp
c:\users\ruurd\source\repos\trixs\trixs\vec3.h(49): warning C4244: 'initializing': conversion from 'double' to 'float', possible loss of data
  RenderWindow.cpp
c:\users\ruurd\source\repos\trixs\trixs\vec3.h(49): warning C4244: 'initializing': conversion from 'double' to 'float', possible loss of data
  Scene.cpp
c:\users\ruurd\source\repos\trixs\trixs\vec3.h(49): warning C4244: 'initializing': conversion from 'double' to 'float', possible loss of data
c:\users\ruurd\source\repos\trixs\trixs\random.h(23): warning C4244: 'argument': conversion from 'double' to 'float', possible loss of data
c:\users\ruurd\source\repos\trixs\trixs\random.h(30): warning C4244: 'argument': conversion from 'double' to 'float', possible loss of data
c:\users\ruurd\source\repos\trixs\trixs\scene.cpp(35): warning C4244: 'initializing': conversion from 'double' to 'float', possible loss of data
c:\users\ruurd\source\repos\trixs\trixs\scene.cpp(36): warning C4244: 'argument': conversion from 'double' to 'float', possible loss of data
c:\users\ruurd\source\repos\trixs\trixs\scene.cpp(36): warning C4305: 'argument': truncation from 'double' to 'float'
c:\users\ruurd\source\repos\trixs\trixs\scene.cpp(37): warning C4305: 'argument': truncation from 'double' to 'float'
c:\users\ruurd\source\repos\trixs\trixs\scene.cpp(42): warning C4244: 'argument': conversion from 'double' to 'float', possible loss of data
c:\users\ruurd\source\repos\trixs\trixs\scene.cpp(41): warning C4244: 'argument': conversion from 'double' to 'float', possible loss of data
c:\users\ruurd\source\repos\trixs\trixs\scene.cpp(40): warning C4244: 'argument': conversion from 'double' to 'float', possible loss of data
c:\users\ruurd\source\repos\trixs\trixs\scene.cpp(44): warning C4305: 'argument': truncation from 'double' to 'float'
c:\users\ruurd\source\repos\trixs\trixs\scene.cpp(50): warning C4244: 'argument': conversion from 'double' to 'float', possible loss of data
c:\users\ruurd\source\repos\trixs\trixs\scene.cpp(49): warning C4244: 'argument': conversion from 'double' to 'float', possible loss of data
c:\users\ruurd\source\repos\trixs\trixs\scene.cpp(48): warning C4244: 'argument': conversion from 'double' to 'float', possible loss of data
c:\users\ruurd\source\repos\trixs\trixs\scene.cpp(51): warning C4244: 'argument': conversion from 'double' to 'float', possible loss of data
c:\users\ruurd\source\repos\trixs\trixs\scene.cpp(51): warning C4305: 'argument': truncation from 'double' to 'float'
c:\users\ruurd\source\repos\trixs\trixs\scene.cpp(54): warning C4305: 'argument': truncation from 'double' to 'float'
c:\users\ruurd\source\repos\trixs\trixs\scene.cpp(60): warning C4305: 'argument': truncation from 'double' to 'float'
c:\users\ruurd\source\repos\trixs\trixs\scene.cpp(61): warning C4305: 'argument': truncation from 'double' to 'float'
  Sphere.cpp
c:\users\ruurd\source\repos\trixs\trixs\vec3.h(49): warning C4244: 'initializing': conversion from 'double' to 'float', possible loss of data
  Trixs.cpp
c:\users\ruurd\source\repos\trixs\trixs\vec3.h(49): warning C4244: 'initializing': conversion from 'double' to 'float', possible loss of data
  Generating Code...
  Trixs.vcxproj -> C:\Users\Ruurd\source\repos\Trixs\x64\Debug\Trixs.exe
